<?xml version="1.0" encoding="UTF-8"?>
<testsuite name="MealPlannerTests" tests="1" skipped="0" failures="0" errors="0" timestamp="2024-04-15T03:45:31" hostname="Quocs-MBP16.local" time="0.259">
  <properties/>
  <testcase name="start" classname="MealPlannerTests" time="0.259"/>
  <system-out><![CDATA[?[1;31m
Start test 1?[0m
What would you like to do (add, show, exit)?
> exit
Bye!
?[1;31m
Start test 2?[0m
What would you like to do (add, show, exit)?
> add
Which meal do you want to add (breakfast, lunch, dinner)?
> lunch
Input the meal's name:
> sushi
Input the ingredients:
> salmon, rice, avocado
The meal has been added!
What would you like to do (add, show, exit)?
> show
Category: lunch
Name: sushi
Ingredients:
salmon
rice
avocado

What would you like to do (add, show, exit)?
> exit
Bye!
?[1;31m
Start test 3?[0m
What would you like to do (add, show, exit)?
> show
Category: lunch
Name: sushi
Ingredients:
salmon
rice
avocado

What would you like to do (add, show, exit)?
> exit
Bye!
?[1;31m
Start test 4?[0m
What would you like to do (add, show, exit)?
> add
Which meal do you want to add (breakfast, lunch, dinner)?
> lunch
Input the meal's name:
> sushi
Input the ingredients:
> salmon, rice, avocado
The meal has been added!
What would you like to do (add, show, exit)?
> add
Which meal do you want to add (breakfast, lunch, dinner)?
> breakfast
Input the meal's name:
> english
Input the ingredients:
> sausages, eggs
The meal has been added!
What would you like to do (add, show, exit)?
> add
Which meal do you want to add (breakfast, lunch, dinner)?
> dinner
Input the meal's name:
> meatballs
Input the ingredients:
> meat, bread, salt, pepper, egg
The meal has been added!
What would you like to do (add, show, exit)?
> show
Category: lunch
Name: sushi
Ingredients:
salmon
rice
avocado

Category: breakfast
Name: english
Ingredients:
sausages
eggs

Category: dinner
Name: meatballs
Ingredients:
meat
bread
salt
pepper
egg

What would you like to do (add, show, exit)?
> exit
Bye!
?[1;31m
Start test 5?[0m
What would you like to do (add, show, exit)?
> show
Category: lunch
Name: sushi
Ingredients:
salmon
rice
avocado

Category: breakfast
Name: english
Ingredients:
sausages
eggs

Category: dinner
Name: meatballs
Ingredients:
meat
bread
salt
pepper
egg

What would you like to do (add, show, exit)?
> exit
Bye!
]]></system-out>
  <system-err><![CDATA[]]></system-err>
</testsuite>
